<?xml version="1.0" encoding="UTF-8"?>
<testsuite name="ComputerRepairRequestTest" tests="2" skipped="0" failures="0" errors="0" timestamp="2025-03-06T12:41:51" hostname="MacBook-Ioan.local" time="0.009">
  <properties/>
  <testcase name="First test" classname="ComputerRepairRequestTest" time="0.007"/>
  <testcase name="Second test" classname="ComputerRepairRequestTest" time="0.002"/>
  <system-out><![CDATA[]]></system-out>
  <system-err><![CDATA[]]></system-err>
</testsuite>
